<?xml version="1.0" encoding="UTF-8"?>
<testng-results skipped="0" failed="0" ignored="0" total="1" passed="1">
  <reporter-output>
  </reporter-output>
  <suite name="Surefire suite" duration-ms="6918" started-at="2018-08-30T11:18:18Z" finished-at="2018-08-30T11:18:25Z">
    <groups>
      <group name="smoke-test">
        <method signature="RedditSubmissionTests.testVerifyNewLink()[pri:20, instance:com.azwebdesign.RedditSubmissionTests@5fcd892a]" name="testVerifyNewLink" class="com.azwebdesign.RedditSubmissionTests"/>
      </group> <!-- smoke-test -->
    </groups>
    <test name="Surefire test" duration-ms="6918" started-at="2018-08-30T11:18:18Z" finished-at="2018-08-30T11:18:25Z">
      <class name="com.azwebdesign.RedditSubmissionTests">
        <test-method status="PASS" signature="springTestContextBeforeTestClass()[pri:0, instance:com.azwebdesign.RedditSubmissionTests@5fcd892a]" name="springTestContextBeforeTestClass" is-config="true" duration-ms="10" started-at="2018-08-30T11:18:18Z" finished-at="2018-08-30T11:18:18Z">
          <reporter-output>
          </reporter-output>
        </test-method> <!-- springTestContextBeforeTestClass -->
        <test-method status="PASS" signature="springTestContextPrepareTestInstance()[pri:0, instance:com.azwebdesign.RedditSubmissionTests@5fcd892a]" name="springTestContextPrepareTestInstance" is-config="true" duration-ms="4053" started-at="2018-08-30T11:18:18Z" depends-on-methods="org.springframework.test.context.testng.AbstractTestNGSpringContextTests.springTestContextBeforeTestClass" finished-at="2018-08-30T11:18:22Z">
          <reporter-output>
          </reporter-output>
        </test-method> <!-- springTestContextPrepareTestInstance -->
        <test-method status="PASS" signature="springTestContextBeforeTestMethod(java.lang.reflect.Method)[pri:0, instance:com.azwebdesign.RedditSubmissionTests@5fcd892a]" name="springTestContextBeforeTestMethod" is-config="true" duration-ms="2" started-at="2018-08-30T11:18:22Z" finished-at="2018-08-30T11:18:22Z">
          <params>
            <param index="0">
              <value>
                <![CDATA[public void com.azwebdesign.RedditSubmissionTests.testVerifyNewLink()]]>
              </value>
            </param>
          </params>
          <reporter-output>
          </reporter-output>
        </test-method> <!-- springTestContextBeforeTestMethod -->
        <test-method status="PASS" signature="testVerifyNewLink()[pri:20, instance:com.azwebdesign.RedditSubmissionTests@5fcd892a]" name="testVerifyNewLink" duration-ms="2836" started-at="2018-08-30T11:18:22Z" finished-at="2018-08-30T11:18:25Z">
          <reporter-output>
          </reporter-output>
        </test-method> <!-- testVerifyNewLink -->
        <test-method status="PASS" signature="springTestContextAfterTestMethod(java.lang.reflect.Method)[pri:0, instance:com.azwebdesign.RedditSubmissionTests@5fcd892a]" name="springTestContextAfterTestMethod" is-config="true" duration-ms="1" started-at="2018-08-30T11:18:25Z" finished-at="2018-08-30T11:18:25Z">
          <params>
            <param index="0">
              <value>
                <![CDATA[public void com.azwebdesign.RedditSubmissionTests.testVerifyNewLink()]]>
              </value>
            </param>
          </params>
          <reporter-output>
          </reporter-output>
        </test-method> <!-- springTestContextAfterTestMethod -->
        <test-method status="PASS" signature="springTestContextAfterTestClass()[pri:0, instance:com.azwebdesign.RedditSubmissionTests@5fcd892a]" name="springTestContextAfterTestClass" is-config="true" duration-ms="1" started-at="2018-08-30T11:18:25Z" finished-at="2018-08-30T11:18:25Z">
          <reporter-output>
          </reporter-output>
        </test-method> <!-- springTestContextAfterTestClass -->
      </class> <!-- com.azwebdesign.RedditSubmissionTests -->
    </test> <!-- Surefire test -->
  </suite> <!-- Surefire suite -->
</testng-results>
